# JRE version: OpenJDK Runtime Environment (7.0_85-b01) (build 1.7.0_85-b01)
# Java VM: OpenJDK 64-Bit Server VM (24.85-b03 mixed mode linux-amd64 compressed oops)
Heap
 PSYoungGen      total 123904K, used 123487K [0x00000000f5500000, 0x00000000fdd80000, 0x0000000100000000)
  eden space 117760K, 100% used [0x00000000f5500000,0x00000000fc800000,0x00000000fc800000)
  from space 6144K, 93% used [0x00000000fd780000,0x00000000fdd17fa0,0x00000000fdd80000)
  to   space 10752K, 0% used [0x00000000fc880000,0x00000000fc880000,0x00000000fd300000)
 ParOldGen       total 83456K, used 9348K [0x00000000e0000000, 0x00000000e5180000, 0x00000000f5500000)
  object space 83456K, 11% used [0x00000000e0000000,0x00000000e09213b0,0x00000000e5180000)
 PSPermGen       total 21504K, used 7060K [0x00000000d5a00000, 0x00000000d6f00000, 0x00000000e0000000)
  object space 21504K, 32% used [0x00000000d5a00000,0x00000000d60e5210,0x00000000d6f00000)
GC Heap History (10 events):
Event: 1.205 GC heap before
{Heap before GC invocations=2 (full 0):
 PSYoungGen      total 36864K, used 36847K [0x00000000f5500000, 0x00000000f9d00000, 0x0000000100000000)
  eden space 31744K, 100% used [0x00000000f5500000,0x00000000f7400000,0x00000000f7400000)
  from space 5120K, 99% used [0x00000000f7400000,0x00000000f78fbf70,0x00000000f7900000)
  to   space 5120K, 0% used [0x00000000f9800000,0x00000000f9800000,0x00000000f9d00000)
 ParOldGen       total 83456K, used 3140K [0x00000000e0000000, 0x00000000e5180000, 0x00000000f5500000)
  object space 83456K, 3% used [0x00000000e0000000,0x00000000e03112d0,0x00000000e5180000)
 PSPermGen       total 21504K, used 6836K [0x00000000d5a00000, 0x00000000d6f00000, 0x00000000e0000000)
  object space 21504K, 31% used [0x00000000d5a00000,0x00000000d60ad008,0x00000000d6f00000)
Event: 1.210 GC heap after
Heap after GC invocations=2 (full 0):
 PSYoungGen      total 68608K, used 5103K [0x00000000f5500000, 0x00000000f9d00000, 0x0000000100000000)
  eden space 63488K, 0% used [0x00000000f5500000,0x00000000f5500000,0x00000000f9300000)
  from space 5120K, 99% used [0x00000000f9800000,0x00000000f9cfbf90,0x00000000f9d00000)
  to   space 5120K, 0% used [0x00000000f9300000,0x00000000f9300000,0x00000000f9800000)
 ParOldGen       total 83456K, used 3308K [0x00000000e0000000, 0x00000000e5180000, 0x00000000f5500000)
  object space 83456K, 3% used [0x00000000e0000000,0x00000000e033b310,0x00000000e5180000)
 PSPermGen       total 21504K, used 6836K [0x00000000d5a00000, 0x00000000d6f00000, 0x00000000e0000000)
  object space 21504K, 31% used [0x00000000d5a00000,0x00000000d60ad008,0x00000000d6f00000)
}
Event: 2.159 GC heap before
{Heap before GC invocations=3 (full 0):
 PSYoungGen      total 68608K, used 68591K [0x00000000f5500000, 0x00000000f9d00000, 0x0000000100000000)
  eden space 63488K, 100% used [0x00000000f5500000,0x00000000f9300000,0x00000000f9300000)
  from space 5120K, 99% used [0x00000000f9800000,0x00000000f9cfbf90,0x00000000f9d00000)
  to   space 5120K, 0% used [0x00000000f9300000,0x00000000f9300000,0x00000000f9800000)
 ParOldGen       total 83456K, used 3308K [0x00000000e0000000, 0x00000000e5180000, 0x00000000f5500000)
  object space 83456K, 3% used [0x00000000e0000000,0x00000000e033b310,0x00000000e5180000)
 PSPermGen       total 21504K, used 6909K [0x00000000d5a00000, 0x00000000d6f00000, 0x00000000e0000000)
  object space 21504K, 32% used [0x00000000d5a00000,0x00000000d60bf448,0x00000000d6f00000)
Event: 2.168 GC heap after
Heap after GC invocations=3 (full 0):
 PSYoungGen      total 68608K, used 5119K [0x00000000f5500000, 0x00000000fdb00000, 0x0000000100000000)
  eden space 63488K, 0% used [0x00000000f5500000,0x00000000f5500000,0x00000000f9300000)
  from space 5120K, 99% used [0x00000000f9300000,0x00000000f97fffa0,0x00000000f9800000)
  to   space 5120K, 0% used [0x00000000fd600000,0x00000000fd600000,0x00000000fdb00000)
 ParOldGen       total 83456K, used 8388K [0x00000000e0000000, 0x00000000e5180000, 0x00000000f5500000)
  object space 83456K, 10% used [0x00000000e0000000,0x00000000e08312d0,0x00000000e5180000)
 PSPermGen       total 21504K, used 6909K [0x00000000d5a00000, 0x00000000d6f00000, 0x00000000e0000000)
  object space 21504K, 32% used [0x00000000d5a00000,0x00000000d60bf448,0x00000000d6f00000)
}
Event: 3.159 GC heap before
{Heap before GC invocations=4 (full 0):
 PSYoungGen      total 68608K, used 68607K [0x00000000f5500000, 0x00000000fdb00000, 0x0000000100000000)
  eden space 63488K, 100% used [0x00000000f5500000,0x00000000f9300000,0x00000000f9300000)
  from space 5120K, 99% used [0x00000000f9300000,0x00000000f97fffa0,0x00000000f9800000)
  to   space 5120K, 0% used [0x00000000fd600000,0x00000000fd600000,0x00000000fdb00000)
 ParOldGen       total 83456K, used 8388K [0x00000000e0000000, 0x00000000e5180000, 0x00000000f5500000)
  object space 83456K, 10% used [0x00000000e0000000,0x00000000e08312d0,0x00000000e5180000)
 PSPermGen       total 21504K, used 6954K [0x00000000d5a00000, 0x00000000d6f00000, 0x00000000e0000000)
  object space 21504K, 32% used [0x00000000d5a00000,0x00000000d60ca850,0x00000000d6f00000)
Event: 3.165 GC heap after
Heap after GC invocations=4 (full 0):
 PSYoungGen      total 132096K, used 5119K [0x00000000f5500000, 0x00000000fdb00000, 0x0000000100000000)
  eden space 126976K, 0% used [0x00000000f5500000,0x00000000f5500000,0x00000000fd100000)
  from space 5120K, 99% used [0x00000000fd600000,0x00000000fdafff80,0x00000000fdb00000)
  to   space 5120K, 0% used [0x00000000fd100000,0x00000000fd100000,0x00000000fd600000)
 ParOldGen       total 83456K, used 8836K [0x00000000e0000000, 0x00000000e5180000, 0x00000000f5500000)
  object space 83456K, 10% used [0x00000000e0000000,0x00000000e08a1350,0x00000000e5180000)
 PSPermGen       total 21504K, used 6954K [0x00000000d5a00000, 0x00000000d6f00000, 0x00000000e0000000)
  object space 21504K, 32% used [0x00000000d5a00000,0x00000000d60ca850,0x00000000d6f00000)
}
Event: 4.747 GC heap before
{Heap before GC invocations=5 (full 0):
 PSYoungGen      total 132096K, used 132095K [0x00000000f5500000, 0x00000000fdb00000, 0x0000000100000000)
  eden space 126976K, 100% used [0x00000000f5500000,0x00000000fd100000,0x00000000fd100000)
  from space 5120K, 99% used [0x00000000fd600000,0x00000000fdafff80,0x00000000fdb00000)
  to   space 5120K, 0% used [0x00000000fd100000,0x00000000fd100000,0x00000000fd600000)
 ParOldGen       total 83456K, used 8836K [0x00000000e0000000, 0x00000000e5180000, 0x00000000f5500000)
  object space 83456K, 10% used [0x00000000e0000000,0x00000000e08a1350,0x00000000e5180000)
 PSPermGen       total 21504K, used 7003K [0x00000000d5a00000, 0x00000000d6f00000, 0x00000000e0000000)
  object space 21504K, 32% used [0x00000000d5a00000,0x00000000d60d6c28,0x00000000d6f00000)
Event: 4.755 GC heap after
Heap after GC invocations=5 (full 0):
 PSYoungGen      total 127488K, used 5103K [0x00000000f5500000, 0x00000000fe280000, 0x0000000100000000)
  eden space 122368K, 0% used [0x00000000f5500000,0x00000000f5500000,0x00000000fcc80000)
  from space 5120K, 99% used [0x00000000fd100000,0x00000000fd5fbf70,0x00000000fd600000)
  to   space 11264K, 0% used [0x00000000fd780000,0x00000000fd780000,0x00000000fe280000)
 ParOldGen       total 83456K, used 9348K [0x00000000e0000000, 0x00000000e5180000, 0x00000000f5500000)
  object space 83456K, 11% used [0x00000000e0000000,0x00000000e09213b0,0x00000000e5180000)
 PSPermGen       total 21504K, used 7003K [0x00000000d5a00000, 0x00000000d6f00000, 0x00000000e0000000)
  object space 21504K, 32% used [0x00000000d5a00000,0x00000000d60d6c28,0x00000000d6f00000)
}
Event: 5.476 GC heap before
{Heap before GC invocations=6 (full 0):
 PSYoungGen      total 127488K, used 127471K [0x00000000f5500000, 0x00000000fe280000, 0x0000000100000000)
  eden space 122368K, 100% used [0x00000000f5500000,0x00000000fcc80000,0x00000000fcc80000)
  from space 5120K, 99% used [0x00000000fd100000,0x00000000fd5fbf70,0x00000000fd600000)
  to   space 11264K, 0% used [0x00000000fd780000,0x00000000fd780000,0x00000000fe280000)
 ParOldGen       total 83456K, used 9348K [0x00000000e0000000, 0x00000000e5180000, 0x00000000f5500000)
  object space 83456K, 11% used [0x00000000e0000000,0x00000000e09213b0,0x00000000e5180000)
 PSPermGen       total 21504K, used 7043K [0x00000000d5a00000, 0x00000000d6f00000, 0x00000000e0000000)
  object space 21504K, 32% used [0x00000000d5a00000,0x00000000d60e0db0,0x00000000d6f00000)
Event: 5.482 GC heap after
Heap after GC invocations=6 (full 0):
 PSYoungGen      total 123904K, used 5727K [0x00000000f5500000, 0x00000000fdd80000, 0x0000000100000000)
  eden space 117760K, 0% used [0x00000000f5500000,0x00000000f5500000,0x00000000fc800000)
  from space 6144K, 93% used [0x00000000fd780000,0x00000000fdd17fa0,0x00000000fdd80000)
  to   space 10752K, 0% used [0x00000000fc880000,0x00000000fc880000,0x00000000fd300000)
 ParOldGen       total 83456K, used 9348K [0x00000000e0000000, 0x00000000e5180000, 0x00000000f5500000)
  object space 83456K, 11% used [0x00000000e0000000,0x00000000e09213b0,0x00000000e5180000)
 PSPermGen       total 21504K, used 7043K [0x00000000d5a00000, 0x00000000d6f00000, 0x00000000e0000000)
  object space 21504K, 32% used [0x00000000d5a00000,0x00000000d60e0db0,0x00000000d6f00000)
}

